0 info it worked if it ends with ok
1 verbose cli [ 'C:\\Program Files\\nodejs\\node.exe',
1 verbose cli   'C:\\Program Files\\nodejs\\node_modules\\npm\\bin\\npm-cli.js',
1 verbose cli   'run',
1 verbose cli   'build' ]
2 info using npm@3.5.2
3 info using node@v4.2.1
4 verbose run-script [ 'prebuild', 'build', 'postbuild' ]
5 info lifecycle nativescript-plugin-firebase-common@2.0.0~prebuild: nativescript-plugin-firebase-common@2.0.0
6 silly lifecycle nativescript-plugin-firebase-common@2.0.0~prebuild: no script for prebuild, continuing
7 info lifecycle nativescript-plugin-firebase-common@2.0.0~build: nativescript-plugin-firebase-common@2.0.0
8 verbose lifecycle nativescript-plugin-firebase-common@2.0.0~build: unsafe-perm in lifecycle true
9 verbose lifecycle nativescript-plugin-firebase-common@2.0.0~build: PATH: C:\Users\Kal\AppData\Roaming\nvm\v4.2.1\node_modules\npm\bin\node-gyp-bin;C:\Projects\NodeJsProjects\nativescript-plugin-firebase\node_modules\.bin;C:\ProgramData\Oracle\Java\javapath;C:\Windows\system32;C:\Windows;C:\Windows\System32\Wbem;C:\Windows\System32\WindowsPowerShell\v1.0\;C:\Users\Kal\.dnx\bin;C:\Program Files\Microsoft DNX\Dnvm\;C:\Program Files\Microsoft SQL Server\120\Tools\Binn\;C:\Program Files (x86)\GitExtensions\;C:\Program Files (x86)\NVIDIA Corporation\PhysX\Common;C:\Users\Kal\AppData\Roaming\nvm;C:\Program Files\nodejs;C:\Program Files\Microsoft SQL Server\Client SDK\ODBC\110\Tools\Binn\;C:\Program Files (x86)\Microsoft SQL Server\120\Tools\Binn\ManagementStudio\;C:\Program Files (x86)\Microsoft SQL Server\120\Tools\Binn\;C:\Program Files (x86)\Microsoft SQL Server\120\DTS\Binn\;C:\Program Files\Microsoft SQL Server\120\DTS\Binn\;C:\Program Files (x86)\Android\android-sdk\platform-tools;C:\Program Files (x86)\Skype\Phone\;C:\Program Files (x86)\Windows Kits\10\Windows Performance Toolkit\;C:\Program Files\Git\bin;C:\Program Files (x86)\Heroku\bin;C:\Program Files (x86)\git\cmd;C:\Program Files (x86)\MySQL\MySQL Fabric 1.5 & MySQL Utilities 1.5\;C:\Program Files (x86)\MySQL\MySQL Fabric 1.5 & MySQL Utilities 1.5\Doctrine extensions for PHP\;C:\WINDOWS\system32;C:\WINDOWS;C:\WINDOWS\System32\Wbem;C:\WINDOWS\System32\WindowsPowerShell\v1.0\;C:\Users\Kal\.dnx\runtimes\dnx-clr-win-x86.1.0.0-rc1-update1\bin;C:\ProgramData\Oracle\Java\javapath;C:\Windows\system32;C:\Windows;C:\Windows\System32\Wbem;C:\Windows\System32\WindowsPowerShell\v1.0\;C:\Users\Kal\.dnx\bin;C:\Program Files\Microsoft DNX\Dnvm\;C:\Program Files\Microsoft SQL Server\120\Tools\Binn\;C:\Program Files (x86)\Git\cmd;C:\Program Files (x86)\GitExtensions\;C:\Program Files (x86)\Windows Kits\10\Windows Performance Toolkit\;C:\Program Files (x86)\NVIDIA Corporation\PhysX\Common;C:\Users\Kal\AppData\Roaming\nvm;C:\Program Files\nodejs;C:\Program Files\Microsoft SQL Server\Client SDK\ODBC\110\Tools\Binn\;C:\Program Files (x86)\Microsoft SQL Server\120\Tools\Binn\ManagementStudio\;C:\Program Files (x86)\Microsoft SQL Server\120\Tools\Binn\;C:\Program Files (x86)\Microsoft SQL Server\120\DTS\Binn\;C:\Program Files\Microsoft SQL Server\120\DTS\Binn\;C:\Program Files (x86)\Android\android-sdk\platform-tools;C:\Program Files (x86)\Microsoft Emulator Manager\1.0\;C:\Users\Kal\AppData\Roaming\npm;C:\Users\Kal\AppData\Local\atom\bin;C:\Users\Kal\AppData\Local\Spoon\Cmd;C:\Program Files (x86)\Microsoft VS Code\bin
10 verbose lifecycle nativescript-plugin-firebase-common@2.0.0~build: CWD: C:\Projects\NodeJsProjects\nativescript-plugin-firebase
11 silly lifecycle nativescript-plugin-firebase-common@2.0.0~build: Args: [ '/d /s /c', 'tsc' ]
12 silly lifecycle nativescript-plugin-firebase-common@2.0.0~build: Returned: code: 2  signal: null
13 info lifecycle nativescript-plugin-firebase-common@2.0.0~build: Failed to exec build script
14 verbose stack Error: nativescript-plugin-firebase-common@2.0.0 build: `tsc`
14 verbose stack Exit status 2
14 verbose stack     at EventEmitter.<anonymous> (C:\Users\Kal\AppData\Roaming\nvm\v4.2.1\node_modules\npm\lib\utils\lifecycle.js:232:16)
14 verbose stack     at emitTwo (events.js:87:13)
14 verbose stack     at EventEmitter.emit (events.js:172:7)
14 verbose stack     at ChildProcess.<anonymous> (C:\Users\Kal\AppData\Roaming\nvm\v4.2.1\node_modules\npm\lib\utils\spawn.js:24:14)
14 verbose stack     at emitTwo (events.js:87:13)
14 verbose stack     at ChildProcess.emit (events.js:172:7)
14 verbose stack     at maybeClose (internal/child_process.js:818:16)
14 verbose stack     at Process.ChildProcess._handle.onexit (internal/child_process.js:211:5)
15 verbose pkgid nativescript-plugin-firebase-common@2.0.0
16 verbose cwd C:\Projects\NodeJsProjects\nativescript-plugin-firebase
17 error Windows_NT 10.0.10586
18 error argv "C:\\Program Files\\nodejs\\node.exe" "C:\\Program Files\\nodejs\\node_modules\\npm\\bin\\npm-cli.js" "run" "build"
19 error node v4.2.1
20 error npm  v3.5.2
21 error code ELIFECYCLE
22 error nativescript-plugin-firebase-common@2.0.0 build: `tsc`
22 error Exit status 2
23 error Failed at the nativescript-plugin-firebase-common@2.0.0 build script 'tsc'.
23 error Make sure you have the latest version of node.js and npm installed.
23 error If you do, this is most likely a problem with the nativescript-plugin-firebase-common package,
23 error not with npm itself.
23 error Tell the author that this fails on your system:
23 error     tsc
23 error You can get information on how to open an issue for this project with:
23 error     npm bugs nativescript-plugin-firebase-common
23 error Or if that isn't available, you can get their info via:
23 error     npm owner ls nativescript-plugin-firebase-common
23 error There is likely additional logging output above.
24 verbose exit [ 1, true ]
